<?xml version="1.0" encoding="UTF-8"?>
<testsuite xmlns:xsi="http://www.w3.org/2001/XMLSchema-instance" xsi:noNamespaceSchemaLocation="https://maven.apache.org/surefire/maven-surefire-plugin/xsd/surefire-test-report-3.0.xsd" version="3.0" name="com.example.kongblog.KongBlogApplicationTests" time="8.923" tests="1" errors="0" skipped="0" failures="0">
  <properties>
    <property name="java.specification.version" value="17"/>
    <property name="sun.cpu.isalist" value="amd64"/>
    <property name="sun.jnu.encoding" value="GBK"/>
    <property name="java.class.path" value="E:\Download2\QQ\KONG\target\test-classes;E:\Download2\QQ\KONG\target\classes;E:\Wandou\Repository\org\springframework\boot\spring-boot-starter-data-redis\3.2.0\spring-boot-starter-data-redis-3.2.0.jar;E:\Wandou\Repository\org\springframework\boot\spring-boot-starter\3.2.0\spring-boot-starter-3.2.0.jar;E:\Wandou\Repository\org\springframework\boot\spring-boot\3.2.0\spring-boot-3.2.0.jar;E:\Wandou\Repository\org\springframework\boot\spring-boot-autoconfigure\3.2.0\spring-boot-autoconfigure-3.2.0.jar;E:\Wandou\Repository\org\springframework\boot\spring-boot-starter-logging\3.2.0\spring-boot-starter-logging-3.2.0.jar;E:\Wandou\Repository\ch\qos\logback\logback-classic\1.4.11\logback-classic-1.4.11.jar;E:\Wandou\Repository\ch\qos\logback\logback-core\1.4.11\logback-core-1.4.11.jar;E:\Wandou\Repository\org\apache\logging\log4j\log4j-to-slf4j\2.21.1\log4j-to-slf4j-2.21.1.jar;E:\Wandou\Repository\org\apache\logging\log4j\log4j-api\2.21.1\log4j-api-2.21.1.jar;E:\Wandou\Repository\org\slf4j\jul-to-slf4j\2.0.9\jul-to-slf4j-2.0.9.jar;E:\Wandou\Repository\jakarta\annotation\jakarta.annotation-api\2.1.1\jakarta.annotation-api-2.1.1.jar;E:\Wandou\Repository\org\yaml\snakeyaml\2.2\snakeyaml-2.2.jar;E:\Wandou\Repository\io\lettuce\lettuce-core\6.3.0.RELEASE\lettuce-core-6.3.0.RELEASE.jar;E:\Wandou\Repository\io\netty\netty-common\4.1.101.Final\netty-common-4.1.101.Final.jar;E:\Wandou\Repository\io\netty\netty-handler\4.1.101.Final\netty-handler-4.1.101.Final.jar;E:\Wandou\Repository\io\netty\netty-resolver\4.1.101.Final\netty-resolver-4.1.101.Final.jar;E:\Wandou\Repository\io\netty\netty-buffer\4.1.101.Final\netty-buffer-4.1.101.Final.jar;E:\Wandou\Repository\io\netty\netty-transport-native-unix-common\4.1.101.Final\netty-transport-native-unix-common-4.1.101.Final.jar;E:\Wandou\Repository\io\netty\netty-codec\4.1.101.Final\netty-codec-4.1.101.Final.jar;E:\Wandou\Repository\io\netty\netty-transport\4.1.101.Final\netty-transport-4.1.101.Final.jar;E:\Wandou\Repository\io\projectreactor\reactor-core\3.6.0\reactor-core-3.6.0.jar;E:\Wandou\Repository\org\reactivestreams\reactive-streams\1.0.4\reactive-streams-1.0.4.jar;E:\Wandou\Repository\org\springframework\data\spring-data-redis\3.2.0\spring-data-redis-3.2.0.jar;E:\Wandou\Repository\org\springframework\data\spring-data-keyvalue\3.2.0\spring-data-keyvalue-3.2.0.jar;E:\Wandou\Repository\org\springframework\data\spring-data-commons\3.2.0\spring-data-commons-3.2.0.jar;E:\Wandou\Repository\org\springframework\spring-tx\6.1.1\spring-tx-6.1.1.jar;E:\Wandou\Repository\org\springframework\spring-oxm\6.1.1\spring-oxm-6.1.1.jar;E:\Wandou\Repository\org\springframework\spring-context-support\6.1.1\spring-context-support-6.1.1.jar;E:\Wandou\Repository\org\slf4j\slf4j-api\2.0.9\slf4j-api-2.0.9.jar;E:\Wandou\Repository\org\springframework\boot\spring-boot-starter-thymeleaf\3.2.0\spring-boot-starter-thymeleaf-3.2.0.jar;E:\Wandou\Repository\org\thymeleaf\thymeleaf-spring6\3.1.2.RELEASE\thymeleaf-spring6-3.1.2.RELEASE.jar;E:\Wandou\Repository\org\thymeleaf\thymeleaf\3.1.2.RELEASE\thymeleaf-3.1.2.RELEASE.jar;E:\Wandou\Repository\org\attoparser\attoparser\2.0.7.RELEASE\attoparser-2.0.7.RELEASE.jar;E:\Wandou\Repository\org\unbescape\unbescape\1.1.6.RELEASE\unbescape-1.1.6.RELEASE.jar;E:\Wandou\Repository\org\mybatis\spring\boot\mybatis-spring-boot-starter\3.0.3\mybatis-spring-boot-starter-3.0.3.jar;E:\Wandou\Repository\org\springframework\boot\spring-boot-starter-jdbc\3.2.0\spring-boot-starter-jdbc-3.2.0.jar;E:\Wandou\Repository\com\zaxxer\HikariCP\5.0.1\HikariCP-5.0.1.jar;E:\Wandou\Repository\org\springframework\spring-jdbc\6.1.1\spring-jdbc-6.1.1.jar;E:\Wandou\Repository\org\mybatis\spring\boot\mybatis-spring-boot-autoconfigure\3.0.3\mybatis-spring-boot-autoconfigure-3.0.3.jar;E:\Wandou\Repository\org\mybatis\mybatis\3.5.14\mybatis-3.5.14.jar;E:\Wandou\Repository\org\mybatis\mybatis-spring\3.0.3\mybatis-spring-3.0.3.jar;E:\Wandou\Repository\com\mysql\mysql-connector-j\8.1.0\mysql-connector-j-8.1.0.jar;E:\Wandou\Repository\org\springframework\boot\spring-boot-starter-test\3.2.0\spring-boot-starter-test-3.2.0.jar;E:\Wandou\Repository\org\springframework\boot\spring-boot-test\3.2.0\spring-boot-test-3.2.0.jar;E:\Wandou\Repository\org\springframework\boot\spring-boot-test-autoconfigure\3.2.0\spring-boot-test-autoconfigure-3.2.0.jar;E:\Wandou\Repository\com\jayway\jsonpath\json-path\2.8.0\json-path-2.8.0.jar;E:\Wandou\Repository\jakarta\xml\bind\jakarta.xml.bind-api\4.0.1\jakarta.xml.bind-api-4.0.1.jar;E:\Wandou\Repository\jakarta\activation\jakarta.activation-api\2.1.2\jakarta.activation-api-2.1.2.jar;E:\Wandou\Repository\net\minidev\json-smart\2.5.0\json-smart-2.5.0.jar;E:\Wandou\Repository\net\minidev\accessors-smart\2.5.0\accessors-smart-2.5.0.jar;E:\Wandou\Repository\org\ow2\asm\asm\9.3\asm-9.3.jar;E:\Wandou\Repository\org\assertj\assertj-core\3.24.2\assertj-core-3.24.2.jar;E:\Wandou\Repository\net\bytebuddy\byte-buddy\1.14.10\byte-buddy-1.14.10.jar;E:\Wandou\Repository\org\awaitility\awaitility\4.2.0\awaitility-4.2.0.jar;E:\Wandou\Repository\org\hamcrest\hamcrest\2.2\hamcrest-2.2.jar;E:\Wandou\Repository\org\junit\jupiter\junit-jupiter\5.10.1\junit-jupiter-5.10.1.jar;E:\Wandou\Repository\org\junit\jupiter\junit-jupiter-api\5.10.1\junit-jupiter-api-5.10.1.jar;E:\Wandou\Repository\org\opentest4j\opentest4j\1.3.0\opentest4j-1.3.0.jar;E:\Wandou\Repository\org\junit\platform\junit-platform-commons\1.10.1\junit-platform-commons-1.10.1.jar;E:\Wandou\Repository\org\apiguardian\apiguardian-api\1.1.2\apiguardian-api-1.1.2.jar;E:\Wandou\Repository\org\junit\jupiter\junit-jupiter-params\5.10.1\junit-jupiter-params-5.10.1.jar;E:\Wandou\Repository\org\junit\jupiter\junit-jupiter-engine\5.10.1\junit-jupiter-engine-5.10.1.jar;E:\Wandou\Repository\org\junit\platform\junit-platform-engine\1.10.1\junit-platform-engine-1.10.1.jar;E:\Wandou\Repository\org\mockito\mockito-core\5.7.0\mockito-core-5.7.0.jar;E:\Wandou\Repository\net\bytebuddy\byte-buddy-agent\1.14.10\byte-buddy-agent-1.14.10.jar;E:\Wandou\Repository\org\objenesis\objenesis\3.3\objenesis-3.3.jar;E:\Wandou\Repository\org\mockito\mockito-junit-jupiter\5.7.0\mockito-junit-jupiter-5.7.0.jar;E:\Wandou\Repository\org\skyscreamer\jsonassert\1.5.1\jsonassert-1.5.1.jar;E:\Wandou\Repository\com\vaadin\external\google\android-json\0.0.20131108.vaadin1\android-json-0.0.20131108.vaadin1.jar;E:\Wandou\Repository\org\springframework\spring-core\6.1.1\spring-core-6.1.1.jar;E:\Wandou\Repository\org\springframework\spring-jcl\6.1.1\spring-jcl-6.1.1.jar;E:\Wandou\Repository\org\springframework\spring-test\6.1.1\spring-test-6.1.1.jar;E:\Wandou\Repository\org\xmlunit\xmlunit-core\2.9.1\xmlunit-core-2.9.1.jar;E:\Wandou\Repository\org\mybatis\spring\boot\mybatis-spring-boot-starter-test\3.0.3\mybatis-spring-boot-starter-test-3.0.3.jar;E:\Wandou\Repository\org\mybatis\spring\boot\mybatis-spring-boot-test-autoconfigure\3.0.3\mybatis-spring-boot-test-autoconfigure-3.0.3.jar;E:\Wandou\Repository\org\springframework\spring-webmvc\5.3.23\spring-webmvc-5.3.23.jar;E:\Wandou\Repository\org\springframework\spring-aop\6.1.1\spring-aop-6.1.1.jar;E:\Wandou\Repository\org\springframework\spring-beans\6.1.1\spring-beans-6.1.1.jar;E:\Wandou\Repository\org\springframework\spring-context\6.1.1\spring-context-6.1.1.jar;E:\Wandou\Repository\io\micrometer\micrometer-observation\1.12.0\micrometer-observation-1.12.0.jar;E:\Wandou\Repository\io\micrometer\micrometer-commons\1.12.0\micrometer-commons-1.12.0.jar;E:\Wandou\Repository\org\springframework\spring-expression\6.1.1\spring-expression-6.1.1.jar;E:\Wandou\Repository\org\springframework\spring-web\6.1.1\spring-web-6.1.1.jar;E:\Wandou\Repository\org\springframework\boot\spring-boot-starter-web\3.2.0\spring-boot-starter-web-3.2.0.jar;E:\Wandou\Repository\org\springframework\boot\spring-boot-starter-json\3.2.0\spring-boot-starter-json-3.2.0.jar;E:\Wandou\Repository\com\fasterxml\jackson\core\jackson-databind\2.15.3\jackson-databind-2.15.3.jar;E:\Wandou\Repository\com\fasterxml\jackson\core\jackson-annotations\2.15.3\jackson-annotations-2.15.3.jar;E:\Wandou\Repository\com\fasterxml\jackson\core\jackson-core\2.15.3\jackson-core-2.15.3.jar;E:\Wandou\Repository\com\fasterxml\jackson\datatype\jackson-datatype-jdk8\2.15.3\jackson-datatype-jdk8-2.15.3.jar;E:\Wandou\Repository\com\fasterxml\jackson\datatype\jackson-datatype-jsr310\2.15.3\jackson-datatype-jsr310-2.15.3.jar;E:\Wandou\Repository\com\fasterxml\jackson\module\jackson-module-parameter-names\2.15.3\jackson-module-parameter-names-2.15.3.jar;E:\Wandou\Repository\org\springframework\boot\spring-boot-starter-tomcat\3.2.0\spring-boot-starter-tomcat-3.2.0.jar;E:\Wandou\Repository\org\apache\tomcat\embed\tomcat-embed-el\10.1.16\tomcat-embed-el-10.1.16.jar;E:\Wandou\Repository\org\apache\tomcat\embed\tomcat-embed-websocket\10.1.16\tomcat-embed-websocket-10.1.16.jar;E:\Wandou\Repository\org\apache\tomcat\embed\tomcat-embed-core\9.0.68\tomcat-embed-core-9.0.68.jar;E:\Wandou\Repository\org\apache\tomcat\tomcat-annotations-api\10.1.16\tomcat-annotations-api-10.1.16.jar;"/>
    <property name="java.vm.vendor" value="JetBrains s.r.o."/>
    <property name="sun.arch.data.model" value="64"/>
    <property name="user.variant" value=""/>
    <property name="java.vendor.url" value="https://openjdk.java.net/"/>
    <property name="user.timezone" value="Asia/Shanghai"/>
    <property name="os.name" value="Windows 10"/>
    <property name="java.vm.specification.version" value="17"/>
    <property name="sun.java.launcher" value="SUN_STANDARD"/>
    <property name="user.country" value="CN"/>
    <property name="sun.boot.library.path" value="D:\Program Files\Java\JAVA17\bin"/>
    <property name="sun.java.command" value="C:\Users\fool\AppData\Local\Temp\surefire10218099228733261715\surefirebooter-20231207183139001_3.jar C:\Users\fool\AppData\Local\Temp\surefire10218099228733261715 2023-12-07T18-31-38_487-jvmRun1 surefire-20231207183139001_1tmp surefire_0-20231207183139001_2tmp"/>
    <property name="jdk.debug" value="release"/>
    <property name="surefire.test.class.path" value="E:\Download2\QQ\KONG\target\test-classes;E:\Download2\QQ\KONG\target\classes;E:\Wandou\Repository\org\springframework\boot\spring-boot-starter-data-redis\3.2.0\spring-boot-starter-data-redis-3.2.0.jar;E:\Wandou\Repository\org\springframework\boot\spring-boot-starter\3.2.0\spring-boot-starter-3.2.0.jar;E:\Wandou\Repository\org\springframework\boot\spring-boot\3.2.0\spring-boot-3.2.0.jar;E:\Wandou\Repository\org\springframework\boot\spring-boot-autoconfigure\3.2.0\spring-boot-autoconfigure-3.2.0.jar;E:\Wandou\Repository\org\springframework\boot\spring-boot-starter-logging\3.2.0\spring-boot-starter-logging-3.2.0.jar;E:\Wandou\Repository\ch\qos\logback\logback-classic\1.4.11\logback-classic-1.4.11.jar;E:\Wandou\Repository\ch\qos\logback\logback-core\1.4.11\logback-core-1.4.11.jar;E:\Wandou\Repository\org\apache\logging\log4j\log4j-to-slf4j\2.21.1\log4j-to-slf4j-2.21.1.jar;E:\Wandou\Repository\org\apache\logging\log4j\log4j-api\2.21.1\log4j-api-2.21.1.jar;E:\Wandou\Repository\org\slf4j\jul-to-slf4j\2.0.9\jul-to-slf4j-2.0.9.jar;E:\Wandou\Repository\jakarta\annotation\jakarta.annotation-api\2.1.1\jakarta.annotation-api-2.1.1.jar;E:\Wandou\Repository\org\yaml\snakeyaml\2.2\snakeyaml-2.2.jar;E:\Wandou\Repository\io\lettuce\lettuce-core\6.3.0.RELEASE\lettuce-core-6.3.0.RELEASE.jar;E:\Wandou\Repository\io\netty\netty-common\4.1.101.Final\netty-common-4.1.101.Final.jar;E:\Wandou\Repository\io\netty\netty-handler\4.1.101.Final\netty-handler-4.1.101.Final.jar;E:\Wandou\Repository\io\netty\netty-resolver\4.1.101.Final\netty-resolver-4.1.101.Final.jar;E:\Wandou\Repository\io\netty\netty-buffer\4.1.101.Final\netty-buffer-4.1.101.Final.jar;E:\Wandou\Repository\io\netty\netty-transport-native-unix-common\4.1.101.Final\netty-transport-native-unix-common-4.1.101.Final.jar;E:\Wandou\Repository\io\netty\netty-codec\4.1.101.Final\netty-codec-4.1.101.Final.jar;E:\Wandou\Repository\io\netty\netty-transport\4.1.101.Final\netty-transport-4.1.101.Final.jar;E:\Wandou\Repository\io\projectreactor\reactor-core\3.6.0\reactor-core-3.6.0.jar;E:\Wandou\Repository\org\reactivestreams\reactive-streams\1.0.4\reactive-streams-1.0.4.jar;E:\Wandou\Repository\org\springframework\data\spring-data-redis\3.2.0\spring-data-redis-3.2.0.jar;E:\Wandou\Repository\org\springframework\data\spring-data-keyvalue\3.2.0\spring-data-keyvalue-3.2.0.jar;E:\Wandou\Repository\org\springframework\data\spring-data-commons\3.2.0\spring-data-commons-3.2.0.jar;E:\Wandou\Repository\org\springframework\spring-tx\6.1.1\spring-tx-6.1.1.jar;E:\Wandou\Repository\org\springframework\spring-oxm\6.1.1\spring-oxm-6.1.1.jar;E:\Wandou\Repository\org\springframework\spring-context-support\6.1.1\spring-context-support-6.1.1.jar;E:\Wandou\Repository\org\slf4j\slf4j-api\2.0.9\slf4j-api-2.0.9.jar;E:\Wandou\Repository\org\springframework\boot\spring-boot-starter-thymeleaf\3.2.0\spring-boot-starter-thymeleaf-3.2.0.jar;E:\Wandou\Repository\org\thymeleaf\thymeleaf-spring6\3.1.2.RELEASE\thymeleaf-spring6-3.1.2.RELEASE.jar;E:\Wandou\Repository\org\thymeleaf\thymeleaf\3.1.2.RELEASE\thymeleaf-3.1.2.RELEASE.jar;E:\Wandou\Repository\org\attoparser\attoparser\2.0.7.RELEASE\attoparser-2.0.7.RELEASE.jar;E:\Wandou\Repository\org\unbescape\unbescape\1.1.6.RELEASE\unbescape-1.1.6.RELEASE.jar;E:\Wandou\Repository\org\mybatis\spring\boot\mybatis-spring-boot-starter\3.0.3\mybatis-spring-boot-starter-3.0.3.jar;E:\Wandou\Repository\org\springframework\boot\spring-boot-starter-jdbc\3.2.0\spring-boot-starter-jdbc-3.2.0.jar;E:\Wandou\Repository\com\zaxxer\HikariCP\5.0.1\HikariCP-5.0.1.jar;E:\Wandou\Repository\org\springframework\spring-jdbc\6.1.1\spring-jdbc-6.1.1.jar;E:\Wandou\Repository\org\mybatis\spring\boot\mybatis-spring-boot-autoconfigure\3.0.3\mybatis-spring-boot-autoconfigure-3.0.3.jar;E:\Wandou\Repository\org\mybatis\mybatis\3.5.14\mybatis-3.5.14.jar;E:\Wandou\Repository\org\mybatis\mybatis-spring\3.0.3\mybatis-spring-3.0.3.jar;E:\Wandou\Repository\com\mysql\mysql-connector-j\8.1.0\mysql-connector-j-8.1.0.jar;E:\Wandou\Repository\org\springframework\boot\spring-boot-starter-test\3.2.0\spring-boot-starter-test-3.2.0.jar;E:\Wandou\Repository\org\springframework\boot\spring-boot-test\3.2.0\spring-boot-test-3.2.0.jar;E:\Wandou\Repository\org\springframework\boot\spring-boot-test-autoconfigure\3.2.0\spring-boot-test-autoconfigure-3.2.0.jar;E:\Wandou\Repository\com\jayway\jsonpath\json-path\2.8.0\json-path-2.8.0.jar;E:\Wandou\Repository\jakarta\xml\bind\jakarta.xml.bind-api\4.0.1\jakarta.xml.bind-api-4.0.1.jar;E:\Wandou\Repository\jakarta\activation\jakarta.activation-api\2.1.2\jakarta.activation-api-2.1.2.jar;E:\Wandou\Repository\net\minidev\json-smart\2.5.0\json-smart-2.5.0.jar;E:\Wandou\Repository\net\minidev\accessors-smart\2.5.0\accessors-smart-2.5.0.jar;E:\Wandou\Repository\org\ow2\asm\asm\9.3\asm-9.3.jar;E:\Wandou\Repository\org\assertj\assertj-core\3.24.2\assertj-core-3.24.2.jar;E:\Wandou\Repository\net\bytebuddy\byte-buddy\1.14.10\byte-buddy-1.14.10.jar;E:\Wandou\Repository\org\awaitility\awaitility\4.2.0\awaitility-4.2.0.jar;E:\Wandou\Repository\org\hamcrest\hamcrest\2.2\hamcrest-2.2.jar;E:\Wandou\Repository\org\junit\jupiter\junit-jupiter\5.10.1\junit-jupiter-5.10.1.jar;E:\Wandou\Repository\org\junit\jupiter\junit-jupiter-api\5.10.1\junit-jupiter-api-5.10.1.jar;E:\Wandou\Repository\org\opentest4j\opentest4j\1.3.0\opentest4j-1.3.0.jar;E:\Wandou\Repository\org\junit\platform\junit-platform-commons\1.10.1\junit-platform-commons-1.10.1.jar;E:\Wandou\Repository\org\apiguardian\apiguardian-api\1.1.2\apiguardian-api-1.1.2.jar;E:\Wandou\Repository\org\junit\jupiter\junit-jupiter-params\5.10.1\junit-jupiter-params-5.10.1.jar;E:\Wandou\Repository\org\junit\jupiter\junit-jupiter-engine\5.10.1\junit-jupiter-engine-5.10.1.jar;E:\Wandou\Repository\org\junit\platform\junit-platform-engine\1.10.1\junit-platform-engine-1.10.1.jar;E:\Wandou\Repository\org\mockito\mockito-core\5.7.0\mockito-core-5.7.0.jar;E:\Wandou\Repository\net\bytebuddy\byte-buddy-agent\1.14.10\byte-buddy-agent-1.14.10.jar;E:\Wandou\Repository\org\objenesis\objenesis\3.3\objenesis-3.3.jar;E:\Wandou\Repository\org\mockito\mockito-junit-jupiter\5.7.0\mockito-junit-jupiter-5.7.0.jar;E:\Wandou\Repository\org\skyscreamer\jsonassert\1.5.1\jsonassert-1.5.1.jar;E:\Wandou\Repository\com\vaadin\external\google\android-json\0.0.20131108.vaadin1\android-json-0.0.20131108.vaadin1.jar;E:\Wandou\Repository\org\springframework\spring-core\6.1.1\spring-core-6.1.1.jar;E:\Wandou\Repository\org\springframework\spring-jcl\6.1.1\spring-jcl-6.1.1.jar;E:\Wandou\Repository\org\springframework\spring-test\6.1.1\spring-test-6.1.1.jar;E:\Wandou\Repository\org\xmlunit\xmlunit-core\2.9.1\xmlunit-core-2.9.1.jar;E:\Wandou\Repository\org\mybatis\spring\boot\mybatis-spring-boot-starter-test\3.0.3\mybatis-spring-boot-starter-test-3.0.3.jar;E:\Wandou\Repository\org\mybatis\spring\boot\mybatis-spring-boot-test-autoconfigure\3.0.3\mybatis-spring-boot-test-autoconfigure-3.0.3.jar;E:\Wandou\Repository\org\springframework\spring-webmvc\5.3.23\spring-webmvc-5.3.23.jar;E:\Wandou\Repository\org\springframework\spring-aop\6.1.1\spring-aop-6.1.1.jar;E:\Wandou\Repository\org\springframework\spring-beans\6.1.1\spring-beans-6.1.1.jar;E:\Wandou\Repository\org\springframework\spring-context\6.1.1\spring-context-6.1.1.jar;E:\Wandou\Repository\io\micrometer\micrometer-observation\1.12.0\micrometer-observation-1.12.0.jar;E:\Wandou\Repository\io\micrometer\micrometer-commons\1.12.0\micrometer-commons-1.12.0.jar;E:\Wandou\Repository\org\springframework\spring-expression\6.1.1\spring-expression-6.1.1.jar;E:\Wandou\Repository\org\springframework\spring-web\6.1.1\spring-web-6.1.1.jar;E:\Wandou\Repository\org\springframework\boot\spring-boot-starter-web\3.2.0\spring-boot-starter-web-3.2.0.jar;E:\Wandou\Repository\org\springframework\boot\spring-boot-starter-json\3.2.0\spring-boot-starter-json-3.2.0.jar;E:\Wandou\Repository\com\fasterxml\jackson\core\jackson-databind\2.15.3\jackson-databind-2.15.3.jar;E:\Wandou\Repository\com\fasterxml\jackson\core\jackson-annotations\2.15.3\jackson-annotations-2.15.3.jar;E:\Wandou\Repository\com\fasterxml\jackson\core\jackson-core\2.15.3\jackson-core-2.15.3.jar;E:\Wandou\Repository\com\fasterxml\jackson\datatype\jackson-datatype-jdk8\2.15.3\jackson-datatype-jdk8-2.15.3.jar;E:\Wandou\Repository\com\fasterxml\jackson\datatype\jackson-datatype-jsr310\2.15.3\jackson-datatype-jsr310-2.15.3.jar;E:\Wandou\Repository\com\fasterxml\jackson\module\jackson-module-parameter-names\2.15.3\jackson-module-parameter-names-2.15.3.jar;E:\Wandou\Repository\org\springframework\boot\spring-boot-starter-tomcat\3.2.0\spring-boot-starter-tomcat-3.2.0.jar;E:\Wandou\Repository\org\apache\tomcat\embed\tomcat-embed-el\10.1.16\tomcat-embed-el-10.1.16.jar;E:\Wandou\Repository\org\apache\tomcat\embed\tomcat-embed-websocket\10.1.16\tomcat-embed-websocket-10.1.16.jar;E:\Wandou\Repository\org\apache\tomcat\embed\tomcat-embed-core\9.0.68\tomcat-embed-core-9.0.68.jar;E:\Wandou\Repository\org\apache\tomcat\tomcat-annotations-api\10.1.16\tomcat-annotations-api-10.1.16.jar;"/>
    <property name="sun.cpu.endian" value="little"/>
    <property name="user.home" value="C:\Users\fool"/>
    <property name="user.language" value="zh"/>
    <property name="java.specification.vendor" value="Oracle Corporation"/>
    <property name="java.version.date" value="2023-10-17"/>
    <property name="java.home" value="D:\Program Files\Java\JAVA17"/>
    <property name="file.separator" value="\"/>
    <property name="basedir" value="E:\Download2\QQ\KONG"/>
    <property name="java.vm.compressedOopsMode" value="32-bit"/>
    <property name="line.separator" value="&#10;"/>
    <property name="java.vm.specification.vendor" value="Oracle Corporation"/>
    <property name="java.specification.name" value="Java Platform API Specification"/>
    <property name="FILE_LOG_CHARSET" value="GBK"/>
    <property name="java.awt.headless" value="true"/>
    <property name="jbr.virtualization.information" value="No virtualization detected"/>
    <property name="surefire.real.class.path" value="C:\Users\fool\AppData\Local\Temp\surefire10218099228733261715\surefirebooter-20231207183139001_3.jar"/>
    <property name="user.script" value=""/>
    <property name="sun.management.compiler" value="HotSpot 64-Bit Tiered Compilers"/>
    <property name="java.runtime.version" value="17.0.9+7-b1087.7"/>
    <property name="user.name" value="fool"/>
    <property name="path.separator" value=";"/>
    <property name="os.version" value="10.0"/>
    <property name="java.runtime.name" value="OpenJDK Runtime Environment"/>
    <property name="file.encoding" value="GBK"/>
    <property name="java.vm.name" value="OpenJDK 64-Bit Server VM"/>
    <property name="java.vendor.version" value="JBR-17.0.9+7-1087.7-nomod"/>
    <property name="localRepository" value="E:\Wandou\Repository"/>
    <property name="java.vendor.url.bug" value="https://bugreport.java.com/bugreport/"/>
    <property name="java.io.tmpdir" value="C:\Users\fool\AppData\Local\Temp\"/>
    <property name="idea.version" value="2021.2.3"/>
    <property name="java.version" value="17.0.9"/>
    <property name="user.dir" value="E:\Download2\QQ\KONG"/>
    <property name="os.arch" value="amd64"/>
    <property name="java.vm.specification.name" value="Java Virtual Machine Specification"/>
    <property name="PID" value="224"/>
    <property name="sun.os.patch.level" value=""/>
    <property name="CONSOLE_LOG_CHARSET" value="GBK"/>
    <property name="native.encoding" value="GBK"/>
    <property name="java.library.path" value="D:\Program Files\Java\JAVA17\bin;C:\Windows\Sun\Java\bin;C:\Windows\system32;C:\Windows;D:\Program Files (x86)\VMware\VMware Workstation\bin\;C:\Windows\system32;C:\Windows;C:\Windows\System32\Wbem;C:\Windows\System32\WindowsPowerShell\v1.0\;C:\Windows\System32\OpenSSH\;D:\Program Files\Git\cmd;D:\Program Files (x86)\NetSarang\Xshell 7\;C:\Program Files\dotnet\;C:\Program Files\Microsoft SQL Server\Client SDK\ODBC\170\Tools\Binn\;C:\mingw64\bin;D:\Program Files\Java\jdk1.8.0_181\bin;D:\Program Files\Java\jdk1.8.0_181\jre\bin;D:\Program Files\nodejs\;D:\Program Files (x86)\Tencent\微信web开发者工具\dll;C:\Program Files (x86)\Tencent\微信web开发者工具\dll;C:\Program Files (x86)\NetSarang\Xftp 7\;C:\Users\fool\AppData\Local\Programs\Python\Python312\Scripts\;C:\Users\fool\AppData\Local\Programs\Python\Python312\;C:\Users\fool\AppData\Local\Microsoft\WindowsApps;C:\Users\fool\AppData\Local\Programs\Microsoft VS Code\bin;C:\Users\fool\.dotnet\tools;C:\Users\fool\AppData\Roaming\npm;C:\Program Files\JetBrains\PyCharm 2023.1\bin;;."/>
    <property name="java.vm.info" value="mixed mode"/>
    <property name="java.vendor" value="JetBrains s.r.o."/>
    <property name="java.vm.version" value="17.0.9+7-b1087.7"/>
    <property name="sun.io.unicode.encoding" value="UnicodeLittle"/>
    <property name="maven.repo.local" value="E:\Wandou\Repository"/>
    <property name="java.class.version" value="61.0"/>
  </properties>
  <testcase name="contextLoads" classname="com.example.kongblog.KongBlogApplicationTests" time="2.603">
    <system-out><![CDATA[18:31:41.089 [main] INFO org.springframework.test.context.support.AnnotationConfigContextLoaderUtils -- Could not detect default configuration classes for test class [com.example.kongblog.KongBlogApplicationTests]: KongBlogApplicationTests does not declare any static, non-private, non-final, nested classes annotated with @Configuration.
18:31:41.386 [main] INFO org.springframework.boot.test.context.SpringBootTestContextBootstrapper -- Found @SpringBootConfiguration com.example.kongblog.KongBlogApplication for test class com.example.kongblog.KongBlogApplicationTests

  .   ____          _            __ _ _
 /\\ / ___'_ __ _ _(_)_ __  __ _ \ \ \ \
( ( )\___ | '_ | '_| | '_ \/ _` | \ \ \ \
 \\/  ___)| |_)| | | | | || (_| |  ) ) ) )
  '  |____| .__|_| |_|_| |_\__, | / / / /
 =========|_|==============|___/=/_/_/_/
 :: Spring Boot ::                (v3.2.0)

2023-12-07T18:31:42.251+08:00  INFO 224 --- [           main] c.e.kongblog.KongBlogApplicationTests    : Starting KongBlogApplicationTests using Java 17.0.9 with PID 224 (started by fool in E:\Download2\QQ\KONG)
2023-12-07T18:31:42.255+08:00  INFO 224 --- [           main] c.e.kongblog.KongBlogApplicationTests    : No active profile set, falling back to 1 default profile: "default"
2023-12-07T18:31:43.480+08:00  INFO 224 --- [           main] .s.d.r.c.RepositoryConfigurationDelegate : Multiple Spring Data modules found, entering strict repository configuration mode
2023-12-07T18:31:43.484+08:00  INFO 224 --- [           main] .s.d.r.c.RepositoryConfigurationDelegate : Bootstrapping Spring Data Redis repositories in DEFAULT mode.
2023-12-07T18:31:43.558+08:00  INFO 224 --- [           main] .s.d.r.c.RepositoryConfigurationDelegate : Finished Spring Data repository scanning in 44 ms. Found 0 Redis repository interfaces.
2023-12-07T18:31:46.978+08:00  INFO 224 --- [           main] c.e.kongblog.KongBlogApplicationTests    : Started KongBlogApplicationTests in 5.258 seconds (process running for 7.622)
]]></system-out>
  </testcase>
</testsuite>